<?xml version="1.0" encoding="UTF-8"?>
<!-- Generated by org.testng.reporters.JUnitXMLReporter -->
<testsuite hostname="MSI" ignored="0" name="Test" tests="5" failures="0" timestamp="2021-11-02T16:33:41 IST" time="1.003" errors="0">
  <testcase name="@BeforeMethod initialize" time="0.006" classname="com.mindtree.runner.HomePg">
    <failure type="java.io.FileNotFoundException" message="C:\Users\karna\eclipse-workspace\atlanticBooks\testdata\confg.properties (The system cannot find the path specified)">
      <![CDATA[java.io.FileNotFoundException: C:\Users\karna\eclipse-workspace\atlanticBooks\testdata\confg.properties (The system cannot find the path specified)
at java.io.FileInputStream.open0(Native Method)
at java.io.FileInputStream.open(FileInputStream.java:195)
at java.io.FileInputStream.<init>(FileInputStream.java:138)
at java.io.FileInputStream.<init>(FileInputStream.java:93)
at com.mindtree.reusablecomponents.WebdriverHelper.initializedriver(WebdriverHelper.java:22)
at com.mindtree.runner.HomePg.initialize(HomePg.java:28)
at java.util.ArrayList.forEach(ArrayList.java:1259)
... Removed 31 stack frames]]>
    </failure>
  </testcase> <!-- @BeforeMethod initialize -->
  <testcase name="@AfterMethod closebrowser" time="-1.635851021146E9" classname="com.mindtree.runner.HomePg">
    <skipped/>
  </testcase> <!-- @AfterMethod closebrowser -->
  <testcase name="@BeforeMethod initialize" time="-1.635851021148E9" classname="com.mindtree.runner.HomePg">
    <skipped/>
  </testcase> <!-- @BeforeMethod initialize -->
  <testcase name="@AfterMethod closebrowser" time="-1.635851021153E9" classname="com.mindtree.runner.HomePg">
    <skipped/>
  </testcase> <!-- @AfterMethod closebrowser -->
  <testcase name="@BeforeMethod initialize" time="-1.635851021154E9" classname="com.mindtree.runner.HomePg">
    <skipped/>
  </testcase> <!-- @BeforeMethod initialize -->
  <testcase name="@AfterMethod closebrowser" time="-1.635851021159E9" classname="com.mindtree.runner.HomePg">
    <skipped/>
  </testcase> <!-- @AfterMethod closebrowser -->
  <testcase name="@BeforeMethod initialize" time="-1.635851021164E9" classname="com.mindtree.runner.HomePg">
    <skipped/>
  </testcase> <!-- @BeforeMethod initialize -->
  <testcase name="@AfterMethod closebrowser" time="-1.635851021174E9" classname="com.mindtree.runner.HomePg">
    <skipped/>
  </testcase> <!-- @AfterMethod closebrowser -->
  <testcase name="@BeforeMethod initialize" time="-1.635851021177E9" classname="com.mindtree.runner.HomePg">
    <skipped/>
  </testcase> <!-- @BeforeMethod initialize -->
  <testcase name="@AfterMethod closebrowser" time="-1.635851021181E9" classname="com.mindtree.runner.HomePg">
    <skipped/>
  </testcase> <!-- @AfterMethod closebrowser -->
  <testcase name="basePageNavigation" time="0.0" classname="com.mindtree.runner.HomePg">
    <skipped/>
  </testcase> <!-- basePageNavigation -->
  <testcase name="basePageNavigation" time="0.0" classname="com.mindtree.runner.HomePg">
    <skipped/>
  </testcase> <!-- basePageNavigation -->
  <testcase name="basePageNavigation" time="0.0" classname="com.mindtree.runner.HomePg">
    <skipped/>
  </testcase> <!-- basePageNavigation -->
  <testcase name="login" time="0.0" classname="com.mindtree.runner.HomePg">
    <skipped/>
  </testcase> <!-- login -->
  <testcase name="validateTitle" time="0.0" classname="com.mindtree.runner.HomePg">
    <skipped/>
  </testcase> <!-- validateTitle -->
</testsuite> <!-- Test -->
