<?xml version="1.0" encoding="UTF-8"?>
<testsuite xmlns:xsi="http://www.w3.org/2001/XMLSchema-instance" xsi:schemaLocation="https://maven.apache.org/surefire/maven-surefire-plugin/xsd/surefire-test-report.xsd" name="TestSuite" time="53.954" tests="5" errors="0" skipped="0" failures="1">
  <properties>
[...]
</properties>
  <testcase name="basePageNavigation" classname="com.mindtree.runner.HomePg" time="10.166"/>
  <testcase name="basePageNavigation" classname="com.mindtree.runner.HomePg" time="13.192"/>
  <testcase name="basePageNavigation" classname="com.mindtree.runner.HomePg" time="9.548"/>
  <testcase name="login" classname="com.mindtree.runner.HomePg" time="3.891"/>
  <testcase name="validateTitle" classname="com.mindtree.runner.HomePg" time="3.527">
    <failure message="expected [Book Deals of the Day123] but found [Book Deals of the Day]" type="java.lang.AssertionError">java.lang.AssertionError: expected [Book Deals of the Day123] but found [Book Deals of the Day]
	at com.mindtree.runner.HomePg.validateTitle(HomePg.java:87)
</failure>
    <system-err><![CDATA[Starting ChromeDriver 94.0.4606.41 (333e85df3c9b656b518b5f1add5ff246365b6c24-refs/branch-heads/4606@{#845}) on port 28952
Only local connections are allowed.
Please see https://chromedriver.chromium.org/security-considerations for suggestions on keeping ChromeDriver safe.
ChromeDriver was started successfully.
Oct 22, 2021 12:26:18 PM org.openqa.selenium.remote.ProtocolHandshake createSession
INFO: Detected dialect: W3C
]]></system-err>
  </testcase>
</testsuite>