<?xml version="1.0" encoding="UTF-8"?>
<testng-results ignored="0" total="5" passed="4" failed="1" skipped="0">
  <reporter-output>
  </reporter-output>
  <suite started-at="2021-10-22T12:25:31 IST" name="Suite" finished-at="2021-10-22T12:26:23 IST" duration-ms="51966">
    <groups>
    </groups>
    <test started-at="2021-10-22T12:25:31 IST" name="Test" finished-at="2021-10-22T12:26:23 IST" duration-ms="51966">
      <class name="com.mindtree.runner.HomePg">
        <test-method is-config="true" signature="initialize()[pri:0, instance:com.mindtree.runner.HomePg@58be6e8]" started-at="2021-10-22T12:25:31 IST" name="initialize" finished-at="2021-10-22T12:25:33 IST" duration-ms="1682" status="PASS">
          <reporter-output>
          </reporter-output>
        </test-method> <!-- initialize -->
        <test-method signature="basePageNavigation(java.lang.String)[pri:0, instance:com.mindtree.runner.HomePg@58be6e8]" started-at="2021-10-22T12:25:33 IST" name="basePageNavigation" data-provider="excel" finished-at="2021-10-22T12:25:43 IST" duration-ms="10163" status="PASS">
          <params>
            <param index="0">
              <value>
                <![CDATA[gmat]]>
              </value>
            </param>
          </params>
          <reporter-output>
          </reporter-output>
        </test-method> <!-- basePageNavigation -->
        <test-method is-config="true" signature="closebrowser()[pri:0, instance:com.mindtree.runner.HomePg@58be6e8]" started-at="2021-10-22T12:25:43 IST" name="closebrowser" finished-at="2021-10-22T12:25:43 IST" duration-ms="150" status="PASS">
          <reporter-output>
          </reporter-output>
        </test-method> <!-- closebrowser -->
        <test-method is-config="true" signature="initialize()[pri:0, instance:com.mindtree.runner.HomePg@58be6e8]" started-at="2021-10-22T12:25:43 IST" name="initialize" finished-at="2021-10-22T12:25:44 IST" duration-ms="1001" status="PASS">
          <reporter-output>
          </reporter-output>
        </test-method> <!-- initialize -->
        <test-method signature="basePageNavigation(java.lang.String)[pri:0, instance:com.mindtree.runner.HomePg@58be6e8]" started-at="2021-10-22T12:25:44 IST" name="basePageNavigation" data-provider="excel" finished-at="2021-10-22T12:25:58 IST" duration-ms="13191" status="PASS">
          <params>
            <param index="0">
              <value>
                <![CDATA[Story Books for kids]]>
              </value>
            </param>
          </params>
          <reporter-output>
          </reporter-output>
        </test-method> <!-- basePageNavigation -->
        <test-method is-config="true" signature="closebrowser()[pri:0, instance:com.mindtree.runner.HomePg@58be6e8]" started-at="2021-10-22T12:25:58 IST" name="closebrowser" finished-at="2021-10-22T12:25:58 IST" duration-ms="117" status="PASS">
          <reporter-output>
          </reporter-output>
        </test-method> <!-- closebrowser -->
        <test-method is-config="true" signature="initialize()[pri:0, instance:com.mindtree.runner.HomePg@58be6e8]" started-at="2021-10-22T12:25:58 IST" name="initialize" finished-at="2021-10-22T12:25:59 IST" duration-ms="912" status="PASS">
          <reporter-output>
          </reporter-output>
        </test-method> <!-- initialize -->
        <test-method signature="basePageNavigation(java.lang.String)[pri:0, instance:com.mindtree.runner.HomePg@58be6e8]" started-at="2021-10-22T12:25:59 IST" name="basePageNavigation" data-provider="excel" finished-at="2021-10-22T12:26:08 IST" duration-ms="9548" status="PASS">
          <params>
            <param index="0">
              <value>
                <![CDATA[RS agarwal]]>
              </value>
            </param>
          </params>
          <reporter-output>
          </reporter-output>
        </test-method> <!-- basePageNavigation -->
        <test-method is-config="true" signature="closebrowser()[pri:0, instance:com.mindtree.runner.HomePg@58be6e8]" started-at="2021-10-22T12:26:08 IST" name="closebrowser" finished-at="2021-10-22T12:26:08 IST" duration-ms="169" status="PASS">
          <reporter-output>
          </reporter-output>
        </test-method> <!-- closebrowser -->
        <test-method is-config="true" signature="initialize()[pri:0, instance:com.mindtree.runner.HomePg@58be6e8]" started-at="2021-10-22T12:26:08 IST" name="initialize" finished-at="2021-10-22T12:26:09 IST" duration-ms="962" status="PASS">
          <reporter-output>
          </reporter-output>
        </test-method> <!-- initialize -->
        <test-method signature="login(java.lang.String,java.lang.String)[pri:0, instance:com.mindtree.runner.HomePg@58be6e8]" started-at="2021-10-22T12:26:09 IST" name="login" data-provider="getData" finished-at="2021-10-22T12:26:13 IST" duration-ms="3891" status="PASS">
          <params>
            <param index="0">
              <value>
                <![CDATA[kskr@gmail.com]]>
              </value>
            </param>
            <param index="1">
              <value>
                <![CDATA[123456]]>
              </value>
            </param>
          </params>
          <reporter-output>
          </reporter-output>
        </test-method> <!-- login -->
        <test-method is-config="true" signature="closebrowser()[pri:0, instance:com.mindtree.runner.HomePg@58be6e8]" started-at="2021-10-22T12:26:13 IST" name="closebrowser" finished-at="2021-10-22T12:26:17 IST" duration-ms="4157" status="PASS">
          <reporter-output>
          </reporter-output>
        </test-method> <!-- closebrowser -->
        <test-method is-config="true" signature="initialize()[pri:0, instance:com.mindtree.runner.HomePg@58be6e8]" started-at="2021-10-22T12:26:17 IST" name="initialize" finished-at="2021-10-22T12:26:18 IST" duration-ms="912" status="PASS">
          <reporter-output>
          </reporter-output>
        </test-method> <!-- initialize -->
        <test-method signature="validateTitle()[pri:0, instance:com.mindtree.runner.HomePg@58be6e8]" started-at="2021-10-22T12:26:18 IST" name="validateTitle" finished-at="2021-10-22T12:26:22 IST" duration-ms="3510" status="FAIL">
          <exception class="java.lang.AssertionError">
            <message>
              <![CDATA[expected [Book Deals of the Day123] but found [Book Deals of the Day]]]>
            </message>
            <full-stacktrace>
              <![CDATA[java.lang.AssertionError: expected [Book Deals of the Day123] but found [Book Deals of the Day]
at org.testng.Assert.fail(Assert.java:99)
at org.testng.Assert.failNotEquals(Assert.java:1037)
at org.testng.Assert.assertEqualsImpl(Assert.java:140)
at org.testng.Assert.assertEquals(Assert.java:122)
at org.testng.Assert.assertEquals(Assert.java:629)
at org.testng.Assert.assertEquals(Assert.java:639)
at com.mindtree.runner.HomePg.validateTitle(HomePg.java:87)
at java.base/jdk.internal.reflect.NativeMethodAccessorImpl.invoke0(Native Method)
at java.base/jdk.internal.reflect.NativeMethodAccessorImpl.invoke(NativeMethodAccessorImpl.java:78)
at java.base/jdk.internal.reflect.DelegatingMethodAccessorImpl.invoke(DelegatingMethodAccessorImpl.java:43)
at java.base/java.lang.reflect.Method.invoke(Method.java:567)
at org.testng.internal.MethodInvocationHelper.invokeMethod(MethodInvocationHelper.java:133)
at org.testng.internal.TestInvoker.invokeMethod(TestInvoker.java:598)
at org.testng.internal.TestInvoker.invokeTestMethod(TestInvoker.java:173)
at org.testng.internal.MethodRunner.runInSequence(MethodRunner.java:46)
at org.testng.internal.TestInvoker$MethodInvocationAgent.invoke(TestInvoker.java:824)
at org.testng.internal.TestInvoker.invokeTestMethods(TestInvoker.java:146)
at org.testng.internal.TestMethodWorker.invokeTestMethods(TestMethodWorker.java:146)
at org.testng.internal.TestMethodWorker.run(TestMethodWorker.java:128)
at java.base/java.util.ArrayList.forEach(ArrayList.java:1511)
at org.testng.TestRunner.privateRun(TestRunner.java:794)
at org.testng.TestRunner.run(TestRunner.java:596)
at org.testng.SuiteRunner.runTest(SuiteRunner.java:377)
at org.testng.SuiteRunner.runSequentially(SuiteRunner.java:371)
at org.testng.SuiteRunner.privateRun(SuiteRunner.java:332)
at org.testng.SuiteRunner.run(SuiteRunner.java:276)
at org.testng.SuiteRunnerWorker.runSuite(SuiteRunnerWorker.java:53)
at org.testng.SuiteRunnerWorker.run(SuiteRunnerWorker.java:96)
at org.testng.TestNG.runSuitesSequentially(TestNG.java:1212)
at org.testng.TestNG.runSuitesLocally(TestNG.java:1134)
at org.testng.TestNG.runSuites(TestNG.java:1063)
at org.testng.TestNG.run(TestNG.java:1031)
at org.apache.maven.surefire.testng.TestNGExecutor.run(TestNGExecutor.java:281)
at org.apache.maven.surefire.testng.TestNGXmlTestSuite.execute(TestNGXmlTestSuite.java:75)
at org.apache.maven.surefire.testng.TestNGProvider.invoke(TestNGProvider.java:121)
at org.apache.maven.surefire.booter.ForkedBooter.invokeProviderInSameClassLoader(ForkedBooter.java:290)
at org.apache.maven.surefire.booter.ForkedBooter.runSuitesInProcess(ForkedBooter.java:242)
at org.apache.maven.surefire.booter.ForkedBooter.main(ForkedBooter.java:121)
]]>
            </full-stacktrace>
          </exception> <!-- java.lang.AssertionError -->
          <reporter-output>
          </reporter-output>
        </test-method> <!-- validateTitle -->
        <test-method is-config="true" signature="closebrowser()[pri:0, instance:com.mindtree.runner.HomePg@58be6e8]" started-at="2021-10-22T12:26:22 IST" name="closebrowser" finished-at="2021-10-22T12:26:23 IST" duration-ms="139" status="PASS">
          <reporter-output>
          </reporter-output>
        </test-method> <!-- closebrowser -->
      </class> <!-- com.mindtree.runner.HomePg -->
    </test> <!-- Test -->
  </suite> <!-- Suite -->
</testng-results>
